The system is: Linux - 4.19.76-linuxkit - x86_64
Compiling the C compiler identification source file "CMakeCCompilerId.c" succeeded.
Compiler: /usr/bin/clang 
Build flags: -g;-fsanitize=thread;-fPIC
Id flags:  

The output was:
0


Compilation of the C compiler identification source "CMakeCCompilerId.c" produced "a.out"

The C compiler identification is Clang, found in "/Users/iluzaangirova/lab_02/_builds/sanitize-thread-cxx17/_3rdParty/Hunter/toolchain/_builds/CMakeFiles/3.10.2/CompilerIdC/a.out"

Compiling the CXX compiler identification source file "CMakeCXXCompilerId.cpp" succeeded.
Compiler: /usr/bin/clang++ 
Build flags: -g;-fsanitize=thread;-fPIC;-std=c++17
Id flags:  

The output was:
0


Compilation of the CXX compiler identification source "CMakeCXXCompilerId.cpp" produced "a.out"

The CXX compiler identification is Clang, found in "/Users/iluzaangirova/lab_02/_builds/sanitize-thread-cxx17/_3rdParty/Hunter/toolchain/_builds/CMakeFiles/3.10.2/CompilerIdCXX/a.out"

Determining if the C compiler works passed with the following output:
Change Dir: /Users/iluzaangirova/lab_02/_builds/sanitize-thread-cxx17/_3rdParty/Hunter/toolchain/_builds/CMakeFiles/CMakeTmp

Run Build Command:"/usr/bin/make" "cmTC_747a9/fast"
make[1]: Entering directory '/Users/iluzaangirova/lab_02/_builds/sanitize-thread-cxx17/_3rdParty/Hunter/toolchain/_builds/CMakeFiles/CMakeTmp'
/usr/bin/make -f CMakeFiles/cmTC_747a9.dir/build.make CMakeFiles/cmTC_747a9.dir/build
make[2]: Entering directory '/Users/iluzaangirova/lab_02/_builds/sanitize-thread-cxx17/_3rdParty/Hunter/toolchain/_builds/CMakeFiles/CMakeTmp'
Building C object CMakeFiles/cmTC_747a9.dir/testCCompiler.c.o
/usr/bin/clang   -g -fsanitize=thread -fPIC  -fPIE   -o CMakeFiles/cmTC_747a9.dir/testCCompiler.c.o   -c /Users/iluzaangirova/lab_02/_builds/sanitize-thread-cxx17/_3rdParty/Hunter/toolchain/_builds/CMakeFiles/CMakeTmp/testCCompiler.c
Linking C executable cmTC_747a9
/usr/bin/cmake -E cmake_link_script CMakeFiles/cmTC_747a9.dir/link.txt --verbose=1
/usr/bin/clang -g -fsanitize=thread -fPIC     -rdynamic CMakeFiles/cmTC_747a9.dir/testCCompiler.c.o  -o cmTC_747a9 
make[2]: Leaving directory '/Users/iluzaangirova/lab_02/_builds/sanitize-thread-cxx17/_3rdParty/Hunter/toolchain/_builds/CMakeFiles/CMakeTmp'
make[1]: Leaving directory '/Users/iluzaangirova/lab_02/_builds/sanitize-thread-cxx17/_3rdParty/Hunter/toolchain/_builds/CMakeFiles/CMakeTmp'


Detecting C compiler ABI info compiled with the following output:
Change Dir: /Users/iluzaangirova/lab_02/_builds/sanitize-thread-cxx17/_3rdParty/Hunter/toolchain/_builds/CMakeFiles/CMakeTmp

Run Build Command:"/usr/bin/make" "cmTC_cfbc2/fast"
make[1]: Entering directory '/Users/iluzaangirova/lab_02/_builds/sanitize-thread-cxx17/_3rdParty/Hunter/toolchain/_builds/CMakeFiles/CMakeTmp'
/usr/bin/make -f CMakeFiles/cmTC_cfbc2.dir/build.make CMakeFiles/cmTC_cfbc2.dir/build
make[2]: Entering directory '/Users/iluzaangirova/lab_02/_builds/sanitize-thread-cxx17/_3rdParty/Hunter/toolchain/_builds/CMakeFiles/CMakeTmp'
Building C object CMakeFiles/cmTC_cfbc2.dir/CMakeCCompilerABI.c.o
/usr/bin/clang   -g -fsanitize=thread -fPIC  -fPIE   -o CMakeFiles/cmTC_cfbc2.dir/CMakeCCompilerABI.c.o   -c /usr/share/cmake-3.10/Modules/CMakeCCompilerABI.c
Linking C executable cmTC_cfbc2
/usr/bin/cmake -E cmake_link_script CMakeFiles/cmTC_cfbc2.dir/link.txt --verbose=1
/usr/bin/clang -g -fsanitize=thread -fPIC    -v -rdynamic CMakeFiles/cmTC_cfbc2.dir/CMakeCCompilerABI.c.o  -o cmTC_cfbc2 
clang version 7.0.1-svn347285-1~exp1~20181124105316.38 (branches/release_70)
Target: x86_64-pc-linux-gnu
Thread model: posix
InstalledDir: /usr/bin
Found candidate GCC installation: /usr/bin/../lib/gcc/x86_64-linux-gnu/7
Found candidate GCC installation: /usr/bin/../lib/gcc/x86_64-linux-gnu/7.3.0
Found candidate GCC installation: /usr/bin/../lib/gcc/x86_64-linux-gnu/8
Found candidate GCC installation: /usr/lib/gcc/x86_64-linux-gnu/7
Found candidate GCC installation: /usr/lib/gcc/x86_64-linux-gnu/7.3.0
Found candidate GCC installation: /usr/lib/gcc/x86_64-linux-gnu/8
Selected GCC installation: /usr/bin/../lib/gcc/x86_64-linux-gnu/7.3.0
Candidate multilib: .;@m64
Selected multilib: .;@m64
 "/usr/bin/ld" -export-dynamic -z relro --hash-style=gnu --eh-frame-hdr -m elf_x86_64 -export-dynamic -dynamic-linker /lib64/ld-linux-x86-64.so.2 -o cmTC_cfbc2 /usr/bin/../lib/gcc/x86_64-linux-gnu/7.3.0/../../../x86_64-linux-gnu/crt1.o /usr/bin/../lib/gcc/x86_64-linux-gnu/7.3.0/../../../x86_64-linux-gnu/crti.o /usr/bin/../lib/gcc/x86_64-linux-gnu/7.3.0/crtbegin.o -L/usr/bin/../lib/gcc/x86_64-linux-gnu/7.3.0 -L/usr/bin/../lib/gcc/x86_64-linux-gnu/7.3.0/../../../x86_64-linux-gnu -L/lib/x86_64-linux-gnu -L/lib/../lib64 -L/usr/lib/x86_64-linux-gnu -L/usr/bin/../lib/gcc/x86_64-linux-gnu/7.3.0/../../.. -L/usr/lib/llvm-7/bin/../lib -L/lib -L/usr/lib --whole-archive /usr/lib/llvm-7/lib/clang/7.0.1/lib/linux/libclang_rt.tsan-x86_64.a --no-whole-archive --dynamic-list=/usr/lib/llvm-7/lib/clang/7.0.1/lib/linux/libclang_rt.tsan-x86_64.a.syms CMakeFiles/cmTC_cfbc2.dir/CMakeCCompilerABI.c.o --no-as-needed -lpthread -lrt -lm -ldl -lgcc --as-needed -lgcc_s --no-as-needed -lc -lgcc --as-needed -lgcc_s --no-as-needed /usr/bin/../lib/gcc/x86_64-linux-gnu/7.3.0/crtend.o /usr/bin/../lib/gcc/x86_64-linux-gnu/7.3.0/../../../x86_64-linux-gnu/crtn.o
make[2]: Leaving directory '/Users/iluzaangirova/lab_02/_builds/sanitize-thread-cxx17/_3rdParty/Hunter/toolchain/_builds/CMakeFiles/CMakeTmp'
make[1]: Leaving directory '/Users/iluzaangirova/lab_02/_builds/sanitize-thread-cxx17/_3rdParty/Hunter/toolchain/_builds/CMakeFiles/CMakeTmp'


Parsed C implicit link information from above output:
  link line regex: [^( *|.*[/\])(ld|CMAKE_LINK_STARTFILE-NOTFOUND|([^/\]+-)?ld|collect2)[^/\]*( |$)]
  ignore line: [Change Dir: /Users/iluzaangirova/lab_02/_builds/sanitize-thread-cxx17/_3rdParty/Hunter/toolchain/_builds/CMakeFiles/CMakeTmp]
  ignore line: []
  ignore line: [Run Build Command:"/usr/bin/make" "cmTC_cfbc2/fast"]
  ignore line: [make[1]: Entering directory '/Users/iluzaangirova/lab_02/_builds/sanitize-thread-cxx17/_3rdParty/Hunter/toolchain/_builds/CMakeFiles/CMakeTmp']
  ignore line: [/usr/bin/make -f CMakeFiles/cmTC_cfbc2.dir/build.make CMakeFiles/cmTC_cfbc2.dir/build]
  ignore line: [make[2]: Entering directory '/Users/iluzaangirova/lab_02/_builds/sanitize-thread-cxx17/_3rdParty/Hunter/toolchain/_builds/CMakeFiles/CMakeTmp']
  ignore line: [Building C object CMakeFiles/cmTC_cfbc2.dir/CMakeCCompilerABI.c.o]
  ignore line: [/usr/bin/clang   -g -fsanitize=thread -fPIC  -fPIE   -o CMakeFiles/cmTC_cfbc2.dir/CMakeCCompilerABI.c.o   -c /usr/share/cmake-3.10/Modules/CMakeCCompilerABI.c]
  ignore line: [Linking C executable cmTC_cfbc2]
  ignore line: [/usr/bin/cmake -E cmake_link_script CMakeFiles/cmTC_cfbc2.dir/link.txt --verbose=1]
  ignore line: [/usr/bin/clang -g -fsanitize=thread -fPIC    -v -rdynamic CMakeFiles/cmTC_cfbc2.dir/CMakeCCompilerABI.c.o  -o cmTC_cfbc2 ]
  ignore line: [clang version 7.0.1-svn347285-1~exp1~20181124105316.38 (branches/release_70)]
  ignore line: [Target: x86_64-pc-linux-gnu]
  ignore line: [Thread model: posix]
  ignore line: [InstalledDir: /usr/bin]
  ignore line: [Found candidate GCC installation: /usr/bin/../lib/gcc/x86_64-linux-gnu/7]
  ignore line: [Found candidate GCC installation: /usr/bin/../lib/gcc/x86_64-linux-gnu/7.3.0]
  ignore line: [Found candidate GCC installation: /usr/bin/../lib/gcc/x86_64-linux-gnu/8]
  ignore line: [Found candidate GCC installation: /usr/lib/gcc/x86_64-linux-gnu/7]
  ignore line: [Found candidate GCC installation: /usr/lib/gcc/x86_64-linux-gnu/7.3.0]
  ignore line: [Found candidate GCC installation: /usr/lib/gcc/x86_64-linux-gnu/8]
  ignore line: [Selected GCC installation: /usr/bin/../lib/gcc/x86_64-linux-gnu/7.3.0]
  ignore line: [Candidate multilib: .]
  ignore line: [@m64]
  ignore line: [Selected multilib: .]
  ignore line: [@m64]
  link line: [ "/usr/bin/ld" -export-dynamic -z relro --hash-style=gnu --eh-frame-hdr -m elf_x86_64 -export-dynamic -dynamic-linker /lib64/ld-linux-x86-64.so.2 -o cmTC_cfbc2 /usr/bin/../lib/gcc/x86_64-linux-gnu/7.3.0/../../../x86_64-linux-gnu/crt1.o /usr/bin/../lib/gcc/x86_64-linux-gnu/7.3.0/../../../x86_64-linux-gnu/crti.o /usr/bin/../lib/gcc/x86_64-linux-gnu/7.3.0/crtbegin.o -L/usr/bin/../lib/gcc/x86_64-linux-gnu/7.3.0 -L/usr/bin/../lib/gcc/x86_64-linux-gnu/7.3.0/../../../x86_64-linux-gnu -L/lib/x86_64-linux-gnu -L/lib/../lib64 -L/usr/lib/x86_64-linux-gnu -L/usr/bin/../lib/gcc/x86_64-linux-gnu/7.3.0/../../.. -L/usr/lib/llvm-7/bin/../lib -L/lib -L/usr/lib --whole-archive /usr/lib/llvm-7/lib/clang/7.0.1/lib/linux/libclang_rt.tsan-x86_64.a --no-whole-archive --dynamic-list=/usr/lib/llvm-7/lib/clang/7.0.1/lib/linux/libclang_rt.tsan-x86_64.a.syms CMakeFiles/cmTC_cfbc2.dir/CMakeCCompilerABI.c.o --no-as-needed -lpthread -lrt -lm -ldl -lgcc --as-needed -lgcc_s --no-as-needed -lc -lgcc --as-needed -lgcc_s --no-as-needed /usr/bin/../lib/gcc/x86_64-linux-gnu/7.3.0/crtend.o /usr/bin/../lib/gcc/x86_64-linux-gnu/7.3.0/../../../x86_64-linux-gnu/crtn.o]
    arg [/usr/bin/ld] ==> ignore
    arg [-export-dynamic] ==> ignore
    arg [-zrelro] ==> ignore
    arg [--hash-style=gnu] ==> ignore
    arg [--eh-frame-hdr] ==> ignore
    arg [-m] ==> ignore
    arg [elf_x86_64] ==> ignore
    arg [-export-dynamic] ==> ignore
    arg [-dynamic-linker] ==> ignore
    arg [/lib64/ld-linux-x86-64.so.2] ==> ignore
    arg [-o] ==> ignore
    arg [cmTC_cfbc2] ==> ignore
    arg [/usr/bin/../lib/gcc/x86_64-linux-gnu/7.3.0/../../../x86_64-linux-gnu/crt1.o] ==> ignore
    arg [/usr/bin/../lib/gcc/x86_64-linux-gnu/7.3.0/../../../x86_64-linux-gnu/crti.o] ==> ignore
    arg [/usr/bin/../lib/gcc/x86_64-linux-gnu/7.3.0/crtbegin.o] ==> ignore
    arg [-L/usr/bin/../lib/gcc/x86_64-linux-gnu/7.3.0] ==> dir [/usr/bin/../lib/gcc/x86_64-linux-gnu/7.3.0]
    arg [-L/usr/bin/../lib/gcc/x86_64-linux-gnu/7.3.0/../../../x86_64-linux-gnu] ==> dir [/usr/bin/../lib/gcc/x86_64-linux-gnu/7.3.0/../../../x86_64-linux-gnu]
    arg [-L/lib/x86_64-linux-gnu] ==> dir [/lib/x86_64-linux-gnu]
    arg [-L/lib/../lib64] ==> dir [/lib/../lib64]
    arg [-L/usr/lib/x86_64-linux-gnu] ==> dir [/usr/lib/x86_64-linux-gnu]
    arg [-L/usr/bin/../lib/gcc/x86_64-linux-gnu/7.3.0/../../..] ==> dir [/usr/bin/../lib/gcc/x86_64-linux-gnu/7.3.0/../../..]
    arg [-L/usr/lib/llvm-7/bin/../lib] ==> dir [/usr/lib/llvm-7/bin/../lib]
    arg [-L/lib] ==> dir [/lib]
    arg [-L/usr/lib] ==> dir [/usr/lib]
    arg [--whole-archive] ==> ignore
    arg [/usr/lib/llvm-7/lib/clang/7.0.1/lib/linux/libclang_rt.tsan-x86_64.a] ==> lib [/usr/lib/llvm-7/lib/clang/7.0.1/lib/linux/libclang_rt.tsan-x86_64.a]
    arg [--no-whole-archive] ==> ignore
    arg [--dynamic-list=/usr/lib/llvm-7/lib/clang/7.0.1/lib/linux/libclang_rt.tsan-x86_64.a.syms] ==> ignore
    arg [CMakeFiles/cmTC_cfbc2.dir/CMakeCCompilerABI.c.o] ==> ignore
    arg [--no-as-needed] ==> ignore
    arg [-lpthread] ==> lib [pthread]
    arg [-lrt] ==> lib [rt]
    arg [-lm] ==> lib [m]
    arg [-ldl] ==> lib [dl]
    arg [-lgcc] ==> lib [gcc]
    arg [--as-needed] ==> ignore
    arg [-lgcc_s] ==> lib [gcc_s]
    arg [--no-as-needed] ==> ignore
    arg [-lc] ==> lib [c]
    arg [-lgcc] ==> lib [gcc]
    arg [--as-needed] ==> ignore
    arg [-lgcc_s] ==> lib [gcc_s]
    arg [--no-as-needed] ==> ignore
    arg [/usr/bin/../lib/gcc/x86_64-linux-gnu/7.3.0/crtend.o] ==> ignore
    arg [/usr/bin/../lib/gcc/x86_64-linux-gnu/7.3.0/../../../x86_64-linux-gnu/crtn.o] ==> ignore
  remove lib [/usr/lib/llvm-7/lib/clang/7.0.1/lib/linux/libclang_rt.tsan-x86_64.a]
  collapse library dir [/usr/bin/../lib/gcc/x86_64-linux-gnu/7.3.0] ==> [/usr/lib/gcc/x86_64-linux-gnu/7.3.0]
  collapse library dir [/usr/bin/../lib/gcc/x86_64-linux-gnu/7.3.0/../../../x86_64-linux-gnu] ==> [/usr/lib/x86_64-linux-gnu]
  collapse library dir [/lib/x86_64-linux-gnu] ==> [/lib/x86_64-linux-gnu]
  collapse library dir [/lib/../lib64] ==> [/lib64]
  collapse library dir [/usr/lib/x86_64-linux-gnu] ==> [/usr/lib/x86_64-linux-gnu]
  collapse library dir [/usr/bin/../lib/gcc/x86_64-linux-gnu/7.3.0/../../..] ==> [/usr/lib]
  collapse library dir [/usr/lib/llvm-7/bin/../lib] ==> [/usr/lib/llvm-7/lib]
  collapse library dir [/lib] ==> [/lib]
  collapse library dir [/usr/lib] ==> [/usr/lib]
  implicit libs: [pthread;rt;m;dl;gcc;gcc_s;c;gcc;gcc_s]
  implicit dirs: [/usr/lib/gcc/x86_64-linux-gnu/7.3.0;/usr/lib/x86_64-linux-gnu;/lib/x86_64-linux-gnu;/lib64;/usr/lib;/usr/lib/llvm-7/lib;/lib]
  implicit fwks: []




Detecting C [-std=c11] compiler features compiled with the following output:
Change Dir: /Users/iluzaangirova/lab_02/_builds/sanitize-thread-cxx17/_3rdParty/Hunter/toolchain/_builds/CMakeFiles/CMakeTmp

Run Build Command:"/usr/bin/make" "cmTC_11ab8/fast"
make[1]: Entering directory '/Users/iluzaangirova/lab_02/_builds/sanitize-thread-cxx17/_3rdParty/Hunter/toolchain/_builds/CMakeFiles/CMakeTmp'
/usr/bin/make -f CMakeFiles/cmTC_11ab8.dir/build.make CMakeFiles/cmTC_11ab8.dir/build
make[2]: Entering directory '/Users/iluzaangirova/lab_02/_builds/sanitize-thread-cxx17/_3rdParty/Hunter/toolchain/_builds/CMakeFiles/CMakeTmp'
Building C object CMakeFiles/cmTC_11ab8.dir/feature_tests.c.o
/usr/bin/clang   -g -fsanitize=thread -fPIC  -fPIE   -std=c11 -o CMakeFiles/cmTC_11ab8.dir/feature_tests.c.o   -c /Users/iluzaangirova/lab_02/_builds/sanitize-thread-cxx17/_3rdParty/Hunter/toolchain/_builds/CMakeFiles/feature_tests.c
Linking C executable cmTC_11ab8
/usr/bin/cmake -E cmake_link_script CMakeFiles/cmTC_11ab8.dir/link.txt --verbose=1
/usr/bin/clang -g -fsanitize=thread -fPIC     -rdynamic CMakeFiles/cmTC_11ab8.dir/feature_tests.c.o  -o cmTC_11ab8 
make[2]: Leaving directory '/Users/iluzaangirova/lab_02/_builds/sanitize-thread-cxx17/_3rdParty/Hunter/toolchain/_builds/CMakeFiles/CMakeTmp'
make[1]: Leaving directory '/Users/iluzaangirova/lab_02/_builds/sanitize-thread-cxx17/_3rdParty/Hunter/toolchain/_builds/CMakeFiles/CMakeTmp'


    Feature record: C_FEATURE:1c_function_prototypes
    Feature record: C_FEATURE:1c_restrict
    Feature record: C_FEATURE:1c_static_assert
    Feature record: C_FEATURE:1c_variadic_macros


Detecting C [-std=c99] compiler features compiled with the following output:
Change Dir: /Users/iluzaangirova/lab_02/_builds/sanitize-thread-cxx17/_3rdParty/Hunter/toolchain/_builds/CMakeFiles/CMakeTmp

Run Build Command:"/usr/bin/make" "cmTC_ac18a/fast"
make[1]: Entering directory '/Users/iluzaangirova/lab_02/_builds/sanitize-thread-cxx17/_3rdParty/Hunter/toolchain/_builds/CMakeFiles/CMakeTmp'
/usr/bin/make -f CMakeFiles/cmTC_ac18a.dir/build.make CMakeFiles/cmTC_ac18a.dir/build
make[2]: Entering directory '/Users/iluzaangirova/lab_02/_builds/sanitize-thread-cxx17/_3rdParty/Hunter/toolchain/_builds/CMakeFiles/CMakeTmp'
Building C object CMakeFiles/cmTC_ac18a.dir/feature_tests.c.o
/usr/bin/clang   -g -fsanitize=thread -fPIC  -fPIE   -std=c99 -o CMakeFiles/cmTC_ac18a.dir/feature_tests.c.o   -c /Users/iluzaangirova/lab_02/_builds/sanitize-thread-cxx17/_3rdParty/Hunter/toolchain/_builds/CMakeFiles/feature_tests.c
Linking C executable cmTC_ac18a
/usr/bin/cmake -E cmake_link_script CMakeFiles/cmTC_ac18a.dir/link.txt --verbose=1
/usr/bin/clang -g -fsanitize=thread -fPIC     -rdynamic CMakeFiles/cmTC_ac18a.dir/feature_tests.c.o  -o cmTC_ac18a 
make[2]: Leaving directory '/Users/iluzaangirova/lab_02/_builds/sanitize-thread-cxx17/_3rdParty/Hunter/toolchain/_builds/CMakeFiles/CMakeTmp'
make[1]: Leaving directory '/Users/iluzaangirova/lab_02/_builds/sanitize-thread-cxx17/_3rdParty/Hunter/toolchain/_builds/CMakeFiles/CMakeTmp'


    Feature record: C_FEATURE:1c_function_prototypes
    Feature record: C_FEATURE:1c_restrict
    Feature record: C_FEATURE:0c_static_assert
    Feature record: C_FEATURE:1c_variadic_macros


Detecting C [-std=c90] compiler features compiled with the following output:
Change Dir: /Users/iluzaangirova/lab_02/_builds/sanitize-thread-cxx17/_3rdParty/Hunter/toolchain/_builds/CMakeFiles/CMakeTmp

Run Build Command:"/usr/bin/make" "cmTC_0cfa8/fast"
make[1]: Entering directory '/Users/iluzaangirova/lab_02/_builds/sanitize-thread-cxx17/_3rdParty/Hunter/toolchain/_builds/CMakeFiles/CMakeTmp'
/usr/bin/make -f CMakeFiles/cmTC_0cfa8.dir/build.make CMakeFiles/cmTC_0cfa8.dir/build
make[2]: Entering directory '/Users/iluzaangirova/lab_02/_builds/sanitize-thread-cxx17/_3rdParty/Hunter/toolchain/_builds/CMakeFiles/CMakeTmp'
Building C object CMakeFiles/cmTC_0cfa8.dir/feature_tests.c.o
/usr/bin/clang   -g -fsanitize=thread -fPIC  -fPIE   -std=c90 -o CMakeFiles/cmTC_0cfa8.dir/feature_tests.c.o   -c /Users/iluzaangirova/lab_02/_builds/sanitize-thread-cxx17/_3rdParty/Hunter/toolchain/_builds/CMakeFiles/feature_tests.c
Linking C executable cmTC_0cfa8
/usr/bin/cmake -E cmake_link_script CMakeFiles/cmTC_0cfa8.dir/link.txt --verbose=1
/usr/bin/clang -g -fsanitize=thread -fPIC     -rdynamic CMakeFiles/cmTC_0cfa8.dir/feature_tests.c.o  -o cmTC_0cfa8 
make[2]: Leaving directory '/Users/iluzaangirova/lab_02/_builds/sanitize-thread-cxx17/_3rdParty/Hunter/toolchain/_builds/CMakeFiles/CMakeTmp'
make[1]: Leaving directory '/Users/iluzaangirova/lab_02/_builds/sanitize-thread-cxx17/_3rdParty/Hunter/toolchain/_builds/CMakeFiles/CMakeTmp'


    Feature record: C_FEATURE:1c_function_prototypes
    Feature record: C_FEATURE:0c_restrict
    Feature record: C_FEATURE:0c_static_assert
    Feature record: C_FEATURE:0c_variadic_macros
Determining if the CXX compiler works passed with the following output:
Change Dir: /Users/iluzaangirova/lab_02/_builds/sanitize-thread-cxx17/_3rdParty/Hunter/toolchain/_builds/CMakeFiles/CMakeTmp

Run Build Command:"/usr/bin/make" "cmTC_05159/fast"
make[1]: Entering directory '/Users/iluzaangirova/lab_02/_builds/sanitize-thread-cxx17/_3rdParty/Hunter/toolchain/_builds/CMakeFiles/CMakeTmp'
/usr/bin/make -f CMakeFiles/cmTC_05159.dir/build.make CMakeFiles/cmTC_05159.dir/build
make[2]: Entering directory '/Users/iluzaangirova/lab_02/_builds/sanitize-thread-cxx17/_3rdParty/Hunter/toolchain/_builds/CMakeFiles/CMakeTmp'
Building CXX object CMakeFiles/cmTC_05159.dir/testCXXCompiler.cxx.o
/usr/bin/clang++    -g -fsanitize=thread -fPIC -std=c++17  -fPIE   -std=c++1z -o CMakeFiles/cmTC_05159.dir/testCXXCompiler.cxx.o -c /Users/iluzaangirova/lab_02/_builds/sanitize-thread-cxx17/_3rdParty/Hunter/toolchain/_builds/CMakeFiles/CMakeTmp/testCXXCompiler.cxx
Linking CXX executable cmTC_05159
/usr/bin/cmake -E cmake_link_script CMakeFiles/cmTC_05159.dir/link.txt --verbose=1
/usr/bin/clang++  -g -fsanitize=thread -fPIC -std=c++17     -rdynamic CMakeFiles/cmTC_05159.dir/testCXXCompiler.cxx.o  -o cmTC_05159 
make[2]: Leaving directory '/Users/iluzaangirova/lab_02/_builds/sanitize-thread-cxx17/_3rdParty/Hunter/toolchain/_builds/CMakeFiles/CMakeTmp'
make[1]: Leaving directory '/Users/iluzaangirova/lab_02/_builds/sanitize-thread-cxx17/_3rdParty/Hunter/toolchain/_builds/CMakeFiles/CMakeTmp'


Detecting CXX compiler ABI info compiled with the following output:
Change Dir: /Users/iluzaangirova/lab_02/_builds/sanitize-thread-cxx17/_3rdParty/Hunter/toolchain/_builds/CMakeFiles/CMakeTmp

Run Build Command:"/usr/bin/make" "cmTC_d6a7e/fast"
make[1]: Entering directory '/Users/iluzaangirova/lab_02/_builds/sanitize-thread-cxx17/_3rdParty/Hunter/toolchain/_builds/CMakeFiles/CMakeTmp'
/usr/bin/make -f CMakeFiles/cmTC_d6a7e.dir/build.make CMakeFiles/cmTC_d6a7e.dir/build
make[2]: Entering directory '/Users/iluzaangirova/lab_02/_builds/sanitize-thread-cxx17/_3rdParty/Hunter/toolchain/_builds/CMakeFiles/CMakeTmp'
Building CXX object CMakeFiles/cmTC_d6a7e.dir/CMakeCXXCompilerABI.cpp.o
/usr/bin/clang++    -g -fsanitize=thread -fPIC -std=c++17  -fPIE   -std=c++1z -o CMakeFiles/cmTC_d6a7e.dir/CMakeCXXCompilerABI.cpp.o -c /usr/share/cmake-3.10/Modules/CMakeCXXCompilerABI.cpp
Linking CXX executable cmTC_d6a7e
/usr/bin/cmake -E cmake_link_script CMakeFiles/cmTC_d6a7e.dir/link.txt --verbose=1
/usr/bin/clang++  -g -fsanitize=thread -fPIC -std=c++17    -v -rdynamic CMakeFiles/cmTC_d6a7e.dir/CMakeCXXCompilerABI.cpp.o  -o cmTC_d6a7e 
clang version 7.0.1-svn347285-1~exp1~20181124105316.38 (branches/release_70)
Target: x86_64-pc-linux-gnu
Thread model: posix
InstalledDir: /usr/bin
Found candidate GCC installation: /usr/bin/../lib/gcc/x86_64-linux-gnu/7
Found candidate GCC installation: /usr/bin/../lib/gcc/x86_64-linux-gnu/7.3.0
Found candidate GCC installation: /usr/bin/../lib/gcc/x86_64-linux-gnu/8
Found candidate GCC installation: /usr/lib/gcc/x86_64-linux-gnu/7
Found candidate GCC installation: /usr/lib/gcc/x86_64-linux-gnu/7.3.0
Found candidate GCC installation: /usr/lib/gcc/x86_64-linux-gnu/8
Selected GCC installation: /usr/bin/../lib/gcc/x86_64-linux-gnu/7.3.0
Candidate multilib: .;@m64
Selected multilib: .;@m64
 "/usr/bin/ld" -export-dynamic -z relro --hash-style=gnu --eh-frame-hdr -m elf_x86_64 -export-dynamic -dynamic-linker /lib64/ld-linux-x86-64.so.2 -o cmTC_d6a7e /usr/bin/../lib/gcc/x86_64-linux-gnu/7.3.0/../../../x86_64-linux-gnu/crt1.o /usr/bin/../lib/gcc/x86_64-linux-gnu/7.3.0/../../../x86_64-linux-gnu/crti.o /usr/bin/../lib/gcc/x86_64-linux-gnu/7.3.0/crtbegin.o -L/usr/bin/../lib/gcc/x86_64-linux-gnu/7.3.0 -L/usr/bin/../lib/gcc/x86_64-linux-gnu/7.3.0/../../../x86_64-linux-gnu -L/lib/x86_64-linux-gnu -L/lib/../lib64 -L/usr/lib/x86_64-linux-gnu -L/usr/bin/../lib/gcc/x86_64-linux-gnu/7.3.0/../../.. -L/usr/lib/llvm-7/bin/../lib -L/lib -L/usr/lib --whole-archive /usr/lib/llvm-7/lib/clang/7.0.1/lib/linux/libclang_rt.tsan-x86_64.a --no-whole-archive --dynamic-list=/usr/lib/llvm-7/lib/clang/7.0.1/lib/linux/libclang_rt.tsan-x86_64.a.syms --whole-archive /usr/lib/llvm-7/lib/clang/7.0.1/lib/linux/libclang_rt.tsan_cxx-x86_64.a --no-whole-archive --dynamic-list=/usr/lib/llvm-7/lib/clang/7.0.1/lib/linux/libclang_rt.tsan_cxx-x86_64.a.syms CMakeFiles/cmTC_d6a7e.dir/CMakeCXXCompilerABI.cpp.o -lstdc++ -lm --no-as-needed -lpthread -lrt -lm -ldl -lgcc_s -lgcc -lc -lgcc_s -lgcc /usr/bin/../lib/gcc/x86_64-linux-gnu/7.3.0/crtend.o /usr/bin/../lib/gcc/x86_64-linux-gnu/7.3.0/../../../x86_64-linux-gnu/crtn.o
make[2]: Leaving directory '/Users/iluzaangirova/lab_02/_builds/sanitize-thread-cxx17/_3rdParty/Hunter/toolchain/_builds/CMakeFiles/CMakeTmp'
make[1]: Leaving directory '/Users/iluzaangirova/lab_02/_builds/sanitize-thread-cxx17/_3rdParty/Hunter/toolchain/_builds/CMakeFiles/CMakeTmp'


Parsed CXX implicit link information from above output:
  link line regex: [^( *|.*[/\])(ld|CMAKE_LINK_STARTFILE-NOTFOUND|([^/\]+-)?ld|collect2)[^/\]*( |$)]
  ignore line: [Change Dir: /Users/iluzaangirova/lab_02/_builds/sanitize-thread-cxx17/_3rdParty/Hunter/toolchain/_builds/CMakeFiles/CMakeTmp]
  ignore line: []
  ignore line: [Run Build Command:"/usr/bin/make" "cmTC_d6a7e/fast"]
  ignore line: [make[1]: Entering directory '/Users/iluzaangirova/lab_02/_builds/sanitize-thread-cxx17/_3rdParty/Hunter/toolchain/_builds/CMakeFiles/CMakeTmp']
  ignore line: [/usr/bin/make -f CMakeFiles/cmTC_d6a7e.dir/build.make CMakeFiles/cmTC_d6a7e.dir/build]
  ignore line: [make[2]: Entering directory '/Users/iluzaangirova/lab_02/_builds/sanitize-thread-cxx17/_3rdParty/Hunter/toolchain/_builds/CMakeFiles/CMakeTmp']
  ignore line: [Building CXX object CMakeFiles/cmTC_d6a7e.dir/CMakeCXXCompilerABI.cpp.o]
  ignore line: [/usr/bin/clang++    -g -fsanitize=thread -fPIC -std=c++17  -fPIE   -std=c++1z -o CMakeFiles/cmTC_d6a7e.dir/CMakeCXXCompilerABI.cpp.o -c /usr/share/cmake-3.10/Modules/CMakeCXXCompilerABI.cpp]
  ignore line: [Linking CXX executable cmTC_d6a7e]
  ignore line: [/usr/bin/cmake -E cmake_link_script CMakeFiles/cmTC_d6a7e.dir/link.txt --verbose=1]
  ignore line: [/usr/bin/clang++  -g -fsanitize=thread -fPIC -std=c++17    -v -rdynamic CMakeFiles/cmTC_d6a7e.dir/CMakeCXXCompilerABI.cpp.o  -o cmTC_d6a7e ]
  ignore line: [clang version 7.0.1-svn347285-1~exp1~20181124105316.38 (branches/release_70)]
  ignore line: [Target: x86_64-pc-linux-gnu]
  ignore line: [Thread model: posix]
  ignore line: [InstalledDir: /usr/bin]
  ignore line: [Found candidate GCC installation: /usr/bin/../lib/gcc/x86_64-linux-gnu/7]
  ignore line: [Found candidate GCC installation: /usr/bin/../lib/gcc/x86_64-linux-gnu/7.3.0]
  ignore line: [Found candidate GCC installation: /usr/bin/../lib/gcc/x86_64-linux-gnu/8]
  ignore line: [Found candidate GCC installation: /usr/lib/gcc/x86_64-linux-gnu/7]
  ignore line: [Found candidate GCC installation: /usr/lib/gcc/x86_64-linux-gnu/7.3.0]
  ignore line: [Found candidate GCC installation: /usr/lib/gcc/x86_64-linux-gnu/8]
  ignore line: [Selected GCC installation: /usr/bin/../lib/gcc/x86_64-linux-gnu/7.3.0]
  ignore line: [Candidate multilib: .]
  ignore line: [@m64]
  ignore line: [Selected multilib: .]
  ignore line: [@m64]
  link line: [ "/usr/bin/ld" -export-dynamic -z relro --hash-style=gnu --eh-frame-hdr -m elf_x86_64 -export-dynamic -dynamic-linker /lib64/ld-linux-x86-64.so.2 -o cmTC_d6a7e /usr/bin/../lib/gcc/x86_64-linux-gnu/7.3.0/../../../x86_64-linux-gnu/crt1.o /usr/bin/../lib/gcc/x86_64-linux-gnu/7.3.0/../../../x86_64-linux-gnu/crti.o /usr/bin/../lib/gcc/x86_64-linux-gnu/7.3.0/crtbegin.o -L/usr/bin/../lib/gcc/x86_64-linux-gnu/7.3.0 -L/usr/bin/../lib/gcc/x86_64-linux-gnu/7.3.0/../../../x86_64-linux-gnu -L/lib/x86_64-linux-gnu -L/lib/../lib64 -L/usr/lib/x86_64-linux-gnu -L/usr/bin/../lib/gcc/x86_64-linux-gnu/7.3.0/../../.. -L/usr/lib/llvm-7/bin/../lib -L/lib -L/usr/lib --whole-archive /usr/lib/llvm-7/lib/clang/7.0.1/lib/linux/libclang_rt.tsan-x86_64.a --no-whole-archive --dynamic-list=/usr/lib/llvm-7/lib/clang/7.0.1/lib/linux/libclang_rt.tsan-x86_64.a.syms --whole-archive /usr/lib/llvm-7/lib/clang/7.0.1/lib/linux/libclang_rt.tsan_cxx-x86_64.a --no-whole-archive --dynamic-list=/usr/lib/llvm-7/lib/clang/7.0.1/lib/linux/libclang_rt.tsan_cxx-x86_64.a.syms CMakeFiles/cmTC_d6a7e.dir/CMakeCXXCompilerABI.cpp.o -lstdc++ -lm --no-as-needed -lpthread -lrt -lm -ldl -lgcc_s -lgcc -lc -lgcc_s -lgcc /usr/bin/../lib/gcc/x86_64-linux-gnu/7.3.0/crtend.o /usr/bin/../lib/gcc/x86_64-linux-gnu/7.3.0/../../../x86_64-linux-gnu/crtn.o]
    arg [/usr/bin/ld] ==> ignore
    arg [-export-dynamic] ==> ignore
    arg [-zrelro] ==> ignore
    arg [--hash-style=gnu] ==> ignore
    arg [--eh-frame-hdr] ==> ignore
    arg [-m] ==> ignore
    arg [elf_x86_64] ==> ignore
    arg [-export-dynamic] ==> ignore
    arg [-dynamic-linker] ==> ignore
    arg [/lib64/ld-linux-x86-64.so.2] ==> ignore
    arg [-o] ==> ignore
    arg [cmTC_d6a7e] ==> ignore
    arg [/usr/bin/../lib/gcc/x86_64-linux-gnu/7.3.0/../../../x86_64-linux-gnu/crt1.o] ==> ignore
    arg [/usr/bin/../lib/gcc/x86_64-linux-gnu/7.3.0/../../../x86_64-linux-gnu/crti.o] ==> ignore
    arg [/usr/bin/../lib/gcc/x86_64-linux-gnu/7.3.0/crtbegin.o] ==> ignore
    arg [-L/usr/bin/../lib/gcc/x86_64-linux-gnu/7.3.0] ==> dir [/usr/bin/../lib/gcc/x86_64-linux-gnu/7.3.0]
    arg [-L/usr/bin/../lib/gcc/x86_64-linux-gnu/7.3.0/../../../x86_64-linux-gnu] ==> dir [/usr/bin/../lib/gcc/x86_64-linux-gnu/7.3.0/../../../x86_64-linux-gnu]
    arg [-L/lib/x86_64-linux-gnu] ==> dir [/lib/x86_64-linux-gnu]
    arg [-L/lib/../lib64] ==> dir [/lib/../lib64]
    arg [-L/usr/lib/x86_64-linux-gnu] ==> dir [/usr/lib/x86_64-linux-gnu]
    arg [-L/usr/bin/../lib/gcc/x86_64-linux-gnu/7.3.0/../../..] ==> dir [/usr/bin/../lib/gcc/x86_64-linux-gnu/7.3.0/../../..]
    arg [-L/usr/lib/llvm-7/bin/../lib] ==> dir [/usr/lib/llvm-7/bin/../lib]
    arg [-L/lib] ==> dir [/lib]
    arg [-L/usr/lib] ==> dir [/usr/lib]
    arg [--whole-archive] ==> ignore
    arg [/usr/lib/llvm-7/lib/clang/7.0.1/lib/linux/libclang_rt.tsan-x86_64.a] ==> lib [/usr/lib/llvm-7/lib/clang/7.0.1/lib/linux/libclang_rt.tsan-x86_64.a]
    arg [--no-whole-archive] ==> ignore
    arg [--dynamic-list=/usr/lib/llvm-7/lib/clang/7.0.1/lib/linux/libclang_rt.tsan-x86_64.a.syms] ==> ignore
    arg [--whole-archive] ==> ignore
    arg [/usr/lib/llvm-7/lib/clang/7.0.1/lib/linux/libclang_rt.tsan_cxx-x86_64.a] ==> lib [/usr/lib/llvm-7/lib/clang/7.0.1/lib/linux/libclang_rt.tsan_cxx-x86_64.a]
    arg [--no-whole-archive] ==> ignore
    arg [--dynamic-list=/usr/lib/llvm-7/lib/clang/7.0.1/lib/linux/libclang_rt.tsan_cxx-x86_64.a.syms] ==> ignore
    arg [CMakeFiles/cmTC_d6a7e.dir/CMakeCXXCompilerABI.cpp.o] ==> ignore
    arg [-lstdc++] ==> lib [stdc++]
    arg [-lm] ==> lib [m]
    arg [--no-as-needed] ==> ignore
    arg [-lpthread] ==> lib [pthread]
    arg [-lrt] ==> lib [rt]
    arg [-lm] ==> lib [m]
    arg [-ldl] ==> lib [dl]
    arg [-lgcc_s] ==> lib [gcc_s]
    arg [-lgcc] ==> lib [gcc]
    arg [-lc] ==> lib [c]
    arg [-lgcc_s] ==> lib [gcc_s]
    arg [-lgcc] ==> lib [gcc]
    arg [/usr/bin/../lib/gcc/x86_64-linux-gnu/7.3.0/crtend.o] ==> ignore
    arg [/usr/bin/../lib/gcc/x86_64-linux-gnu/7.3.0/../../../x86_64-linux-gnu/crtn.o] ==> ignore
  remove lib [/usr/lib/llvm-7/lib/clang/7.0.1/lib/linux/libclang_rt.tsan-x86_64.a]
  remove lib [/usr/lib/llvm-7/lib/clang/7.0.1/lib/linux/libclang_rt.tsan_cxx-x86_64.a]
  collapse library dir [/usr/bin/../lib/gcc/x86_64-linux-gnu/7.3.0] ==> [/usr/lib/gcc/x86_64-linux-gnu/7.3.0]
  collapse library dir [/usr/bin/../lib/gcc/x86_64-linux-gnu/7.3.0/../../../x86_64-linux-gnu] ==> [/usr/lib/x86_64-linux-gnu]
  collapse library dir [/lib/x86_64-linux-gnu] ==> [/lib/x86_64-linux-gnu]
  collapse library dir [/lib/../lib64] ==> [/lib64]
  collapse library dir [/usr/lib/x86_64-linux-gnu] ==> [/usr/lib/x86_64-linux-gnu]
  collapse library dir [/usr/bin/../lib/gcc/x86_64-linux-gnu/7.3.0/../../..] ==> [/usr/lib]
  collapse library dir [/usr/lib/llvm-7/bin/../lib] ==> [/usr/lib/llvm-7/lib]
  collapse library dir [/lib] ==> [/lib]
  collapse library dir [/usr/lib] ==> [/usr/lib]
  implicit libs: [stdc++;m;pthread;rt;m;dl;gcc_s;gcc;c;gcc_s;gcc]
  implicit dirs: [/usr/lib/gcc/x86_64-linux-gnu/7.3.0;/usr/lib/x86_64-linux-gnu;/lib/x86_64-linux-gnu;/lib64;/usr/lib;/usr/lib/llvm-7/lib;/lib]
  implicit fwks: []




Detecting CXX [-std=c++1z] compiler features compiled with the following output:
Change Dir: /Users/iluzaangirova/lab_02/_builds/sanitize-thread-cxx17/_3rdParty/Hunter/toolchain/_builds/CMakeFiles/CMakeTmp

Run Build Command:"/usr/bin/make" "cmTC_a3bfd/fast"
make[1]: Entering directory '/Users/iluzaangirova/lab_02/_builds/sanitize-thread-cxx17/_3rdParty/Hunter/toolchain/_builds/CMakeFiles/CMakeTmp'
/usr/bin/make -f CMakeFiles/cmTC_a3bfd.dir/build.make CMakeFiles/cmTC_a3bfd.dir/build
make[2]: Entering directory '/Users/iluzaangirova/lab_02/_builds/sanitize-thread-cxx17/_3rdParty/Hunter/toolchain/_builds/CMakeFiles/CMakeTmp'
Building CXX object CMakeFiles/cmTC_a3bfd.dir/feature_tests.cxx.o
/usr/bin/clang++    -g -fsanitize=thread -fPIC -std=c++17  -fPIE   -std=c++1z -std=c++1z -o CMakeFiles/cmTC_a3bfd.dir/feature_tests.cxx.o -c /Users/iluzaangirova/lab_02/_builds/sanitize-thread-cxx17/_3rdParty/Hunter/toolchain/_builds/CMakeFiles/feature_tests.cxx
Linking CXX executable cmTC_a3bfd
/usr/bin/cmake -E cmake_link_script CMakeFiles/cmTC_a3bfd.dir/link.txt --verbose=1
/usr/bin/clang++  -g -fsanitize=thread -fPIC -std=c++17     -rdynamic CMakeFiles/cmTC_a3bfd.dir/feature_tests.cxx.o  -o cmTC_a3bfd 
make[2]: Leaving directory '/Users/iluzaangirova/lab_02/_builds/sanitize-thread-cxx17/_3rdParty/Hunter/toolchain/_builds/CMakeFiles/CMakeTmp'
make[1]: Leaving directory '/Users/iluzaangirova/lab_02/_builds/sanitize-thread-cxx17/_3rdParty/Hunter/toolchain/_builds/CMakeFiles/CMakeTmp'


    Feature record: CXX_FEATURE:1cxx_aggregate_default_initializers
    Feature record: CXX_FEATURE:1cxx_alias_templates
    Feature record: CXX_FEATURE:1cxx_alignas
    Feature record: CXX_FEATURE:1cxx_alignof
    Feature record: CXX_FEATURE:1cxx_attributes
    Feature record: CXX_FEATURE:1cxx_attribute_deprecated
    Feature record: CXX_FEATURE:1cxx_auto_type
    Feature record: CXX_FEATURE:1cxx_binary_literals
    Feature record: CXX_FEATURE:1cxx_constexpr
    Feature record: CXX_FEATURE:1cxx_contextual_conversions
    Feature record: CXX_FEATURE:1cxx_decltype
    Feature record: CXX_FEATURE:1cxx_decltype_auto
    Feature record: CXX_FEATURE:1cxx_decltype_incomplete_return_types
    Feature record: CXX_FEATURE:1cxx_default_function_template_args
    Feature record: CXX_FEATURE:1cxx_defaulted_functions
    Feature record: CXX_FEATURE:1cxx_defaulted_move_initializers
    Feature record: CXX_FEATURE:1cxx_delegating_constructors
    Feature record: CXX_FEATURE:1cxx_deleted_functions
    Feature record: CXX_FEATURE:1cxx_digit_separators
    Feature record: CXX_FEATURE:1cxx_enum_forward_declarations
    Feature record: CXX_FEATURE:1cxx_explicit_conversions
    Feature record: CXX_FEATURE:1cxx_extended_friend_declarations
    Feature record: CXX_FEATURE:1cxx_extern_templates
    Feature record: CXX_FEATURE:1cxx_final
    Feature record: CXX_FEATURE:1cxx_func_identifier
    Feature record: CXX_FEATURE:1cxx_generalized_initializers
    Feature record: CXX_FEATURE:1cxx_generic_lambdas
    Feature record: CXX_FEATURE:1cxx_inheriting_constructors
    Feature record: CXX_FEATURE:1cxx_inline_namespaces
    Feature record: CXX_FEATURE:1cxx_lambdas
    Feature record: CXX_FEATURE:1cxx_lambda_init_captures
    Feature record: CXX_FEATURE:1cxx_local_type_template_args
    Feature record: CXX_FEATURE:1cxx_long_long_type
    Feature record: CXX_FEATURE:1cxx_noexcept
    Feature record: CXX_FEATURE:1cxx_nonstatic_member_init
    Feature record: CXX_FEATURE:1cxx_nullptr
    Feature record: CXX_FEATURE:1cxx_override
    Feature record: CXX_FEATURE:1cxx_range_for
    Feature record: CXX_FEATURE:1cxx_raw_string_literals
    Feature record: CXX_FEATURE:1cxx_reference_qualified_functions
    Feature record: CXX_FEATURE:1cxx_relaxed_constexpr
    Feature record: CXX_FEATURE:1cxx_return_type_deduction
    Feature record: CXX_FEATURE:1cxx_right_angle_brackets
    Feature record: CXX_FEATURE:1cxx_rvalue_references
    Feature record: CXX_FEATURE:1cxx_sizeof_member
    Feature record: CXX_FEATURE:1cxx_static_assert
    Feature record: CXX_FEATURE:1cxx_strong_enums
    Feature record: CXX_FEATURE:1cxx_template_template_parameters
    Feature record: CXX_FEATURE:1cxx_thread_local
    Feature record: CXX_FEATURE:1cxx_trailing_return_types
    Feature record: CXX_FEATURE:1cxx_unicode_literals
    Feature record: CXX_FEATURE:1cxx_uniform_initialization
    Feature record: CXX_FEATURE:1cxx_unrestricted_unions
    Feature record: CXX_FEATURE:1cxx_user_literals
    Feature record: CXX_FEATURE:1cxx_variable_templates
    Feature record: CXX_FEATURE:1cxx_variadic_macros
    Feature record: CXX_FEATURE:1cxx_variadic_templates


Detecting CXX [-std=c++14] compiler features compiled with the following output:
Change Dir: /Users/iluzaangirova/lab_02/_builds/sanitize-thread-cxx17/_3rdParty/Hunter/toolchain/_builds/CMakeFiles/CMakeTmp

Run Build Command:"/usr/bin/make" "cmTC_083f2/fast"
make[1]: Entering directory '/Users/iluzaangirova/lab_02/_builds/sanitize-thread-cxx17/_3rdParty/Hunter/toolchain/_builds/CMakeFiles/CMakeTmp'
/usr/bin/make -f CMakeFiles/cmTC_083f2.dir/build.make CMakeFiles/cmTC_083f2.dir/build
make[2]: Entering directory '/Users/iluzaangirova/lab_02/_builds/sanitize-thread-cxx17/_3rdParty/Hunter/toolchain/_builds/CMakeFiles/CMakeTmp'
Building CXX object CMakeFiles/cmTC_083f2.dir/feature_tests.cxx.o
/usr/bin/clang++    -g -fsanitize=thread -fPIC -std=c++17  -fPIE   -std=c++14 -std=c++1z -o CMakeFiles/cmTC_083f2.dir/feature_tests.cxx.o -c /Users/iluzaangirova/lab_02/_builds/sanitize-thread-cxx17/_3rdParty/Hunter/toolchain/_builds/CMakeFiles/feature_tests.cxx
Linking CXX executable cmTC_083f2
/usr/bin/cmake -E cmake_link_script CMakeFiles/cmTC_083f2.dir/link.txt --verbose=1
/usr/bin/clang++  -g -fsanitize=thread -fPIC -std=c++17     -rdynamic CMakeFiles/cmTC_083f2.dir/feature_tests.cxx.o  -o cmTC_083f2 
make[2]: Leaving directory '/Users/iluzaangirova/lab_02/_builds/sanitize-thread-cxx17/_3rdParty/Hunter/toolchain/_builds/CMakeFiles/CMakeTmp'
make[1]: Leaving directory '/Users/iluzaangirova/lab_02/_builds/sanitize-thread-cxx17/_3rdParty/Hunter/toolchain/_builds/CMakeFiles/CMakeTmp'


    Feature record: CXX_FEATURE:1cxx_aggregate_default_initializers
    Feature record: CXX_FEATURE:1cxx_alias_templates
    Feature record: CXX_FEATURE:1cxx_alignas
    Feature record: CXX_FEATURE:1cxx_alignof
    Feature record: CXX_FEATURE:1cxx_attributes
    Feature record: CXX_FEATURE:1cxx_attribute_deprecated
    Feature record: CXX_FEATURE:1cxx_auto_type
    Feature record: CXX_FEATURE:1cxx_binary_literals
    Feature record: CXX_FEATURE:1cxx_constexpr
    Feature record: CXX_FEATURE:1cxx_contextual_conversions
    Feature record: CXX_FEATURE:1cxx_decltype
    Feature record: CXX_FEATURE:1cxx_decltype_auto
    Feature record: CXX_FEATURE:1cxx_decltype_incomplete_return_types
    Feature record: CXX_FEATURE:1cxx_default_function_template_args
    Feature record: CXX_FEATURE:1cxx_defaulted_functions
    Feature record: CXX_FEATURE:1cxx_defaulted_move_initializers
    Feature record: CXX_FEATURE:1cxx_delegating_constructors
    Feature record: CXX_FEATURE:1cxx_deleted_functions
    Feature record: CXX_FEATURE:1cxx_digit_separators
    Feature record: CXX_FEATURE:1cxx_enum_forward_declarations
    Feature record: CXX_FEATURE:1cxx_explicit_conversions
    Feature record: CXX_FEATURE:1cxx_extended_friend_declarations
    Feature record: CXX_FEATURE:1cxx_extern_templates
    Feature record: CXX_FEATURE:1cxx_final
    Feature record: CXX_FEATURE:1cxx_func_identifier
    Feature record: CXX_FEATURE:1cxx_generalized_initializers
    Feature record: CXX_FEATURE:1cxx_generic_lambdas
    Feature record: CXX_FEATURE:1cxx_inheriting_constructors
    Feature record: CXX_FEATURE:1cxx_inline_namespaces
    Feature record: CXX_FEATURE:1cxx_lambdas
    Feature record: CXX_FEATURE:1cxx_lambda_init_captures
    Feature record: CXX_FEATURE:1cxx_local_type_template_args
    Feature record: CXX_FEATURE:1cxx_long_long_type
    Feature record: CXX_FEATURE:1cxx_noexcept
    Feature record: CXX_FEATURE:1cxx_nonstatic_member_init
    Feature record: CXX_FEATURE:1cxx_nullptr
    Feature record: CXX_FEATURE:1cxx_override
    Feature record: CXX_FEATURE:1cxx_range_for
    Feature record: CXX_FEATURE:1cxx_raw_string_literals
    Feature record: CXX_FEATURE:1cxx_reference_qualified_functions
    Feature record: CXX_FEATURE:1cxx_relaxed_constexpr
    Feature record: CXX_FEATURE:1cxx_return_type_deduction
    Feature record: CXX_FEATURE:1cxx_right_angle_brackets
    Feature record: CXX_FEATURE:1cxx_rvalue_references
    Feature record: CXX_FEATURE:1cxx_sizeof_member
    Feature record: CXX_FEATURE:1cxx_static_assert
    Feature record: CXX_FEATURE:1cxx_strong_enums
    Feature record: CXX_FEATURE:1cxx_template_template_parameters
    Feature record: CXX_FEATURE:1cxx_thread_local
    Feature record: CXX_FEATURE:1cxx_trailing_return_types
    Feature record: CXX_FEATURE:1cxx_unicode_literals
    Feature record: CXX_FEATURE:1cxx_uniform_initialization
    Feature record: CXX_FEATURE:1cxx_unrestricted_unions
    Feature record: CXX_FEATURE:1cxx_user_literals
    Feature record: CXX_FEATURE:1cxx_variable_templates
    Feature record: CXX_FEATURE:1cxx_variadic_macros
    Feature record: CXX_FEATURE:1cxx_variadic_templates


Detecting CXX [-std=c++11] compiler features compiled with the following output:
Change Dir: /Users/iluzaangirova/lab_02/_builds/sanitize-thread-cxx17/_3rdParty/Hunter/toolchain/_builds/CMakeFiles/CMakeTmp

Run Build Command:"/usr/bin/make" "cmTC_6ab89/fast"
make[1]: Entering directory '/Users/iluzaangirova/lab_02/_builds/sanitize-thread-cxx17/_3rdParty/Hunter/toolchain/_builds/CMakeFiles/CMakeTmp'
/usr/bin/make -f CMakeFiles/cmTC_6ab89.dir/build.make CMakeFiles/cmTC_6ab89.dir/build
make[2]: Entering directory '/Users/iluzaangirova/lab_02/_builds/sanitize-thread-cxx17/_3rdParty/Hunter/toolchain/_builds/CMakeFiles/CMakeTmp'
Building CXX object CMakeFiles/cmTC_6ab89.dir/feature_tests.cxx.o
/usr/bin/clang++    -g -fsanitize=thread -fPIC -std=c++17  -fPIE   -std=c++11 -std=c++1z -o CMakeFiles/cmTC_6ab89.dir/feature_tests.cxx.o -c /Users/iluzaangirova/lab_02/_builds/sanitize-thread-cxx17/_3rdParty/Hunter/toolchain/_builds/CMakeFiles/feature_tests.cxx
Linking CXX executable cmTC_6ab89
/usr/bin/cmake -E cmake_link_script CMakeFiles/cmTC_6ab89.dir/link.txt --verbose=1
/usr/bin/clang++  -g -fsanitize=thread -fPIC -std=c++17     -rdynamic CMakeFiles/cmTC_6ab89.dir/feature_tests.cxx.o  -o cmTC_6ab89 
make[2]: Leaving directory '/Users/iluzaangirova/lab_02/_builds/sanitize-thread-cxx17/_3rdParty/Hunter/toolchain/_builds/CMakeFiles/CMakeTmp'
make[1]: Leaving directory '/Users/iluzaangirova/lab_02/_builds/sanitize-thread-cxx17/_3rdParty/Hunter/toolchain/_builds/CMakeFiles/CMakeTmp'


    Feature record: CXX_FEATURE:1cxx_aggregate_default_initializers
    Feature record: CXX_FEATURE:1cxx_alias_templates
    Feature record: CXX_FEATURE:1cxx_alignas
    Feature record: CXX_FEATURE:1cxx_alignof
    Feature record: CXX_FEATURE:1cxx_attributes
    Feature record: CXX_FEATURE:1cxx_attribute_deprecated
    Feature record: CXX_FEATURE:1cxx_auto_type
    Feature record: CXX_FEATURE:1cxx_binary_literals
    Feature record: CXX_FEATURE:1cxx_constexpr
    Feature record: CXX_FEATURE:1cxx_contextual_conversions
    Feature record: CXX_FEATURE:1cxx_decltype
    Feature record: CXX_FEATURE:1cxx_decltype_auto
    Feature record: CXX_FEATURE:1cxx_decltype_incomplete_return_types
    Feature record: CXX_FEATURE:1cxx_default_function_template_args
    Feature record: CXX_FEATURE:1cxx_defaulted_functions
    Feature record: CXX_FEATURE:1cxx_defaulted_move_initializers
    Feature record: CXX_FEATURE:1cxx_delegating_constructors
    Feature record: CXX_FEATURE:1cxx_deleted_functions
    Feature record: CXX_FEATURE:1cxx_digit_separators
    Feature record: CXX_FEATURE:1cxx_enum_forward_declarations
    Feature record: CXX_FEATURE:1cxx_explicit_conversions
    Feature record: CXX_FEATURE:1cxx_extended_friend_declarations
    Feature record: CXX_FEATURE:1cxx_extern_templates
    Feature record: CXX_FEATURE:1cxx_final
    Feature record: CXX_FEATURE:1cxx_func_identifier
    Feature record: CXX_FEATURE:1cxx_generalized_initializers
    Feature record: CXX_FEATURE:1cxx_generic_lambdas
    Feature record: CXX_FEATURE:1cxx_inheriting_constructors
    Feature record: CXX_FEATURE:1cxx_inline_namespaces
    Feature record: CXX_FEATURE:1cxx_lambdas
    Feature record: CXX_FEATURE:1cxx_lambda_init_captures
    Feature record: CXX_FEATURE:1cxx_local_type_template_args
    Feature record: CXX_FEATURE:1cxx_long_long_type
    Feature record: CXX_FEATURE:1cxx_noexcept
    Feature record: CXX_FEATURE:1cxx_nonstatic_member_init
    Feature record: CXX_FEATURE:1cxx_nullptr
    Feature record: CXX_FEATURE:1cxx_override
    Feature record: CXX_FEATURE:1cxx_range_for
    Feature record: CXX_FEATURE:1cxx_raw_string_literals
    Feature record: CXX_FEATURE:1cxx_reference_qualified_functions
    Feature record: CXX_FEATURE:1cxx_relaxed_constexpr
    Feature record: CXX_FEATURE:1cxx_return_type_deduction
    Feature record: CXX_FEATURE:1cxx_right_angle_brackets
    Feature record: CXX_FEATURE:1cxx_rvalue_references
    Feature record: CXX_FEATURE:1cxx_sizeof_member
    Feature record: CXX_FEATURE:1cxx_static_assert
    Feature record: CXX_FEATURE:1cxx_strong_enums
    Feature record: CXX_FEATURE:1cxx_template_template_parameters
    Feature record: CXX_FEATURE:1cxx_thread_local
    Feature record: CXX_FEATURE:1cxx_trailing_return_types
    Feature record: CXX_FEATURE:1cxx_unicode_literals
    Feature record: CXX_FEATURE:1cxx_uniform_initialization
    Feature record: CXX_FEATURE:1cxx_unrestricted_unions
    Feature record: CXX_FEATURE:1cxx_user_literals
    Feature record: CXX_FEATURE:1cxx_variable_templates
    Feature record: CXX_FEATURE:1cxx_variadic_macros
    Feature record: CXX_FEATURE:1cxx_variadic_templates


Detecting CXX [-std=c++98] compiler features compiled with the following output:
Change Dir: /Users/iluzaangirova/lab_02/_builds/sanitize-thread-cxx17/_3rdParty/Hunter/toolchain/_builds/CMakeFiles/CMakeTmp

Run Build Command:"/usr/bin/make" "cmTC_aca00/fast"
make[1]: Entering directory '/Users/iluzaangirova/lab_02/_builds/sanitize-thread-cxx17/_3rdParty/Hunter/toolchain/_builds/CMakeFiles/CMakeTmp'
/usr/bin/make -f CMakeFiles/cmTC_aca00.dir/build.make CMakeFiles/cmTC_aca00.dir/build
make[2]: Entering directory '/Users/iluzaangirova/lab_02/_builds/sanitize-thread-cxx17/_3rdParty/Hunter/toolchain/_builds/CMakeFiles/CMakeTmp'
Building CXX object CMakeFiles/cmTC_aca00.dir/feature_tests.cxx.o
/usr/bin/clang++    -g -fsanitize=thread -fPIC -std=c++17  -fPIE   -std=c++98 -std=c++1z -o CMakeFiles/cmTC_aca00.dir/feature_tests.cxx.o -c /Users/iluzaangirova/lab_02/_builds/sanitize-thread-cxx17/_3rdParty/Hunter/toolchain/_builds/CMakeFiles/feature_tests.cxx
Linking CXX executable cmTC_aca00
/usr/bin/cmake -E cmake_link_script CMakeFiles/cmTC_aca00.dir/link.txt --verbose=1
/usr/bin/clang++  -g -fsanitize=thread -fPIC -std=c++17     -rdynamic CMakeFiles/cmTC_aca00.dir/feature_tests.cxx.o  -o cmTC_aca00 
make[2]: Leaving directory '/Users/iluzaangirova/lab_02/_builds/sanitize-thread-cxx17/_3rdParty/Hunter/toolchain/_builds/CMakeFiles/CMakeTmp'
make[1]: Leaving directory '/Users/iluzaangirova/lab_02/_builds/sanitize-thread-cxx17/_3rdParty/Hunter/toolchain/_builds/CMakeFiles/CMakeTmp'


    Feature record: CXX_FEATURE:1cxx_aggregate_default_initializers
    Feature record: CXX_FEATURE:1cxx_alias_templates
    Feature record: CXX_FEATURE:1cxx_alignas
    Feature record: CXX_FEATURE:1cxx_alignof
    Feature record: CXX_FEATURE:1cxx_attributes
    Feature record: CXX_FEATURE:1cxx_attribute_deprecated
    Feature record: CXX_FEATURE:1cxx_auto_type
    Feature record: CXX_FEATURE:1cxx_binary_literals
    Feature record: CXX_FEATURE:1cxx_constexpr
    Feature record: CXX_FEATURE:1cxx_contextual_conversions
    Feature record: CXX_FEATURE:1cxx_decltype
    Feature record: CXX_FEATURE:1cxx_decltype_auto
    Feature record: CXX_FEATURE:1cxx_decltype_incomplete_return_types
    Feature record: CXX_FEATURE:1cxx_default_function_template_args
    Feature record: CXX_FEATURE:1cxx_defaulted_functions
    Feature record: CXX_FEATURE:1cxx_defaulted_move_initializers
    Feature record: CXX_FEATURE:1cxx_delegating_constructors
    Feature record: CXX_FEATURE:1cxx_deleted_functions
    Feature record: CXX_FEATURE:1cxx_digit_separators
    Feature record: CXX_FEATURE:1cxx_enum_forward_declarations
    Feature record: CXX_FEATURE:1cxx_explicit_conversions
    Feature record: CXX_FEATURE:1cxx_extended_friend_declarations
    Feature record: CXX_FEATURE:1cxx_extern_templates
    Feature record: CXX_FEATURE:1cxx_final
    Feature record: CXX_FEATURE:1cxx_func_identifier
    Feature record: CXX_FEATURE:1cxx_generalized_initializers
    Feature record: CXX_FEATURE:1cxx_generic_lambdas
    Feature record: CXX_FEATURE:1cxx_inheriting_constructors
    Feature record: CXX_FEATURE:1cxx_inline_namespaces
    Feature record: CXX_FEATURE:1cxx_lambdas
    Feature record: CXX_FEATURE:1cxx_lambda_init_captures
    Feature record: CXX_FEATURE:1cxx_local_type_template_args
    Feature record: CXX_FEATURE:1cxx_long_long_type
    Feature record: CXX_FEATURE:1cxx_noexcept
    Feature record: CXX_FEATURE:1cxx_nonstatic_member_init
    Feature record: CXX_FEATURE:1cxx_nullptr
    Feature record: CXX_FEATURE:1cxx_override
    Feature record: CXX_FEATURE:1cxx_range_for
    Feature record: CXX_FEATURE:1cxx_raw_string_literals
    Feature record: CXX_FEATURE:1cxx_reference_qualified_functions
    Feature record: CXX_FEATURE:1cxx_relaxed_constexpr
    Feature record: CXX_FEATURE:1cxx_return_type_deduction
    Feature record: CXX_FEATURE:1cxx_right_angle_brackets
    Feature record: CXX_FEATURE:1cxx_rvalue_references
    Feature record: CXX_FEATURE:1cxx_sizeof_member
    Feature record: CXX_FEATURE:1cxx_static_assert
    Feature record: CXX_FEATURE:1cxx_strong_enums
    Feature record: CXX_FEATURE:1cxx_template_template_parameters
    Feature record: CXX_FEATURE:1cxx_thread_local
    Feature record: CXX_FEATURE:1cxx_trailing_return_types
    Feature record: CXX_FEATURE:1cxx_unicode_literals
    Feature record: CXX_FEATURE:1cxx_uniform_initialization
    Feature record: CXX_FEATURE:1cxx_unrestricted_unions
    Feature record: CXX_FEATURE:1cxx_user_literals
    Feature record: CXX_FEATURE:1cxx_variable_templates
    Feature record: CXX_FEATURE:1cxx_variadic_macros
    Feature record: CXX_FEATURE:1cxx_variadic_templates
